s:\alexm\code\interferometer\debug\vc100.pdb
s:\alexm\code\interferometer\debug\interferometer.obj
c:\code\interferometer\debug\dictionary.obj
c:\code\interferometer\debug\iniparser.obj
c:\code\interferometer\debug\vc100.pdb
c:\code\interferometer\debug\interferometer.obj
s:\alexm\code\interferometer\debug\interferometer.pdb
c:\code\interferometer\debug\interferometer.ilk
c:\code\interferometer\debug\interferometer.exe
c:\code\interferometer\debug\interferometer.exe.intermediate.manifest
c:\code\interferometer\debug\interferometer.pdb
c:\code\interferometer\debug\interferometer.exe.embed.manifest
c:\code\interferometer\debug\interferometer.exe.embed.manifest.res
c:\users\alexm\desktop\interferometer\debug\dictionary.obj
c:\users\alexm\desktop\interferometer\debug\iniparser.obj
c:\users\alexm\desktop\interferometer\debug\interferometer.obj
c:\users\alexm\desktop\interferometer\debug\interferometer.ilk
c:\users\alexm\desktop\interferometer\debug\cl.command.1.tlog
c:\users\alexm\desktop\interferometer\debug\cl.read.1.tlog
c:\users\alexm\desktop\interferometer\debug\cl.write.1.tlog
c:\users\alexm\desktop\interferometer\debug\link-cvtres.read.1.tlog
c:\users\alexm\desktop\interferometer\debug\link-cvtres.write.1.tlog
c:\users\alexm\desktop\interferometer\debug\link.command.1.tlog
c:\users\alexm\desktop\interferometer\debug\link.read.1.tlog
c:\users\alexm\desktop\interferometer\debug\link.write.1.tlog
c:\users\alexm\desktop\interferometer\debug\mt.command.1.tlog
c:\users\alexm\desktop\interferometer\debug\mt.read.1.tlog
c:\users\alexm\desktop\interferometer\debug\mt.write.1.tlog
c:\users\alexm\desktop\interferometer\debug\rc.command.1.tlog
c:\users\alexm\desktop\interferometer\debug\rc.read.1.tlog
c:\users\alexm\desktop\interferometer\debug\rc.write.1.tlog
c:\users\alexm\desktop\interferometer\debug\interferometer.exe.embed.manifest
c:\users\alexm\desktop\interferometer\debug\interferometer.exe.intermediate.manifest
c:\users\alexm\desktop\interferometer\debug\interferometer.exe.embed.manifest.res
c:\users\alexm\desktop\interferometer\debug\vc100.idb
c:\users\alexm\desktop\interferometer\debug\vc90.idb
c:\users\alexm\desktop\interferometer\debug\interferometer.pdb
c:\users\alexm\desktop\interferometer\debug\vc100.pdb
c:\users\alexm\desktop\interferometer\debug\vc90.pdb
c:\users\alexm\desktop\interferometer\debug\interferometer_manifest.rc
c:\users\alexm\desktop\interferometer\debug\interferometer.exe
